Compare between: test and test result 0
[Info] Adding key 12800.000000 
Compare between: test and test result 0
[Info] Adding key 12.000000 
Compare between: n and test result -1
[Info] Adding key 0.000000 
[Info] Adding key 1.000000 
[Info] Adding key 1.000000 
Compare between: n and test result -1
Compare between: acc and test result -1
Compare between: n and test result -1
Compare between: e and test result -1
[Info] Adding key 12800.000000 
[Info] Final chunk 
[Debug] Dumping chunk: 
[Debug] Size : 17 
[Debug] 0 --> Variable(test) 
[Debug] 1 --> Number(12800.) 
[Debug] 2 --> Variable(test) 
[Debug] 3 --> Number(12.) 
[Debug] 4 --> Function(0) 
[Debug] 5 --> Variable(factorial) 
[Debug] 6 --> Variable(n) 
[Debug] 7 --> Number(0.) 
[Debug] 8 --> Number(1.) 
[Debug] 9 --> Function(47) 
[Debug] 10 --> Variable(exp_aux) 
[Debug] 11 --> Variable(acc) 
[Debug] 12 --> Function(119) 
[Debug] 13 --> Variable(exp) 
[Debug] 14 --> Variable(n) 
[Debug] 15 --> Variable(e) 
[Debug] 16 --> Number(12800.) 
[Debug] Function(119) --> 12 
[Debug] Variable(acc) --> 11 
[Debug] Variable(exp) --> 12 
[Debug] Variable(exp_aux) --> 9 
[Debug] Function(47) --> 9 
[Debug] Number(0.) --> 7 
[Debug] Number(12800.) --> 16 
[Debug] Function(119) --> 12 
[Debug] Variable(acc) --> 11 
[Debug] Variable(e) --> 15 
[Debug] Variable(exp) --> 12 
[Debug] Variable(exp_aux) --> 9 
[Debug] Function(47) --> 9 
[Debug] Number(0.) --> 7 
[Debug] Number(1.) --> 8 
[Debug] Variable(factorial) --> 4 
[Debug] Variable(n) --> 6 
[Debug] Function(0) --> 4 
[Debug] Number(12.) --> 3 
[Debug] Variable(test) --> 2 
[Debug] Number(12800.) --> 1 
[Debug] Variable(test) --> 0 
[Warning] Emitting this bytecode: 
[Warning] LOADK 1 
[Warning] EXTEND 0 
[Warning] LOADK 3 
[Warning] PUSH 
[Warning] SEARCH 2 
[Warning] ADD 
[Warning] EXTEND 2 
[Warning] LOADK 16 
[Warning] PUSH 
[Warning] CALL 1 
[Warning] EXTEND 15 
[Warning] HALT 
[Warning] Emitting this bytecode: 
[Warning] EXTEND 14 
[Warning] POP 
[Warning] SEARCH 14 
[Warning] PUSH 
[Warning] LOADK 8 
[Warning] PUSH 
[Warning] CALL 2 
[Warning] RETURN 
[Warning] POPENV 
[Warning] PUSH 
[Warning] Emitting this bytecode: 
[Warning] EXTEND 11 
[Warning] POP 
[Warning] LOADK 7 
[Warning] PUSH 
[Warning] SEARCH 6 
[Warning] EQ 
[Warning] JMPNZ 90 
[Warning] JMP 90 
[Warning] PUSH 
[Warning] POPENV 
[Warning] RETURN 
[Warning] SEARCH 11 
[Warning] LOADK 8 
[Warning] PUSH 
[Warning] SEARCH 6 
[Warning] SUB 
[Warning] PUSH 
[Warning] SEARCH 6 
[Warning] PUSH 
[Warning] CALL 1 
[Warning] PUSH 
[Warning] LOADK 8 
[Warning] DIV 
[Warning] PUSH 
[Warning] SEARCH 11 
[Warning] ADD 
[Warning] PUSH 
[Warning] CALL 2 
[Warning] RETURN 
[Warning] POPENV 
[Warning] PUSH 
[Warning] Emitting this bytecode: 
[Warning] EXTEND 6 
[Warning] POP 
[Warning] LOADK 7 
[Warning] PUSH 
[Warning] SEARCH 6 
[Warning] EQ 
[Warning] JMPNZ 37 
[Warning] JMP 37 
[Warning] PUSH 
[Warning] POPENV 
[Warning] RETURN 
[Warning] LOADK 8 
[Warning] LOADK 8 
[Warning] PUSH 
[Warning] SEARCH 6 
[Warning] SUB 
[Warning] PUSH 
[Warning] CALL 1 
[Warning] PUSH 
[Warning] SEARCH 6 
[Warning] MUL 
[Warning] RETURN 
[Warning] POPENV 
[Warning] PUSH 
Compare between: test and test result 0
Compare between: test and test result 0
Compare between: factorial and test result -1
Compare between: n and test result -1
Compare between: exp_aux and test result -1
Compare between: acc and test result -1
Compare between: exp and test result -1
Compare between: n and test result -1
Compare between: e and test result -1
[Debug] LOADK 1, next: 5 
[Error] GOT VALUE 12800.000000 at KEY 1 
[Debug] EXTEND 0, next: 10 
[Debug] LOADK 3, next: 15 
[Error] GOT VALUE 12.000000 at KEY 3 
[Debug] PUSH, next: 16 
[Debug] SEARCH 2, next: 21 
[Debug] ADD, next: 22 
